<?xml version="1.0" encoding="UTF-8"?>
<!-- Generated by org.testng.reporters.JUnitXMLReporter -->
<testsuite ignored="0" hostname="DESKTOP-MOB5JUI" failures="0" tests="8" name="Default test" time="23.749" errors="0" timestamp="2023-04-06T20:04:15 IST">
  <testcase classname="api.tests.DDTests" name="testPostUser" time="6.38"/>
  <testcase classname="api.tests.DDTests" name="testPostUser" time="1.871"/>
  <testcase classname="api.tests.DDTests" name="testPostUser" time="1.991"/>
  <testcase classname="api.tests.DDTests" name="testPostUser" time="1.791"/>
  <testcase classname="api.tests.DDTests" name="deleteUserByName" time="2.54"/>
  <testcase classname="api.tests.DDTests" name="deleteUserByName" time="1.83"/>
  <testcase classname="api.tests.DDTests" name="deleteUserByName" time="1.797"/>
  <testcase classname="api.tests.DDTests" name="deleteUserByName" time="1.773"/>
</testsuite> <!-- Default test -->
