<?xml version="1.0" encoding="UTF-8"?>
<!-- Generated by org.testng.reporters.JUnitXMLReporter -->
<testsuite ignored="0" hostname="DESKTOP-MOB5JUI" failures="4" tests="4" name="Test" time="0.101" errors="0" timestamp="2023-04-06T19:22:28 IST">
  <testcase classname="api.tests.DDTests" name="testPostUser" time="0.0">
    <failure type="org.testng.TestNGException" message="
Method public void api.tests.DDTests.testPostUser(java.lang.String,java.lang.String,java.lang.String,java.lang.String,java.lang.String,java.lang.String,java.lang.String) requires a @DataProvider named : Data in class org.testng.annotations.DataProvider">
      <![CDATA[org.testng.TestNGException: 
at java.base/java.util.ArrayList.forEach(ArrayList.java:1511)
... Removed 25 stack frames]]>
    </failure>
  </testcase> <!-- testPostUser -->
  <testcase classname="api.tests.DDTests" name="deleteUserByName" time="0.0">
    <failure type="org.testng.TestNGException" message="
Method public void api.tests.DDTests.deleteUserByName(java.lang.String) requires a @DataProvider named : UserNames in class org.testng.annotations.DataProvider">
      <![CDATA[org.testng.TestNGException: 
at java.base/java.util.ArrayList.forEach(ArrayList.java:1511)
... Removed 25 stack frames]]>
    </failure>
  </testcase> <!-- deleteUserByName -->
  <testcase classname="api.tests.DDTests" name="readUserByName" time="0.0">
    <failure type="org.testng.TestNGException" message="
Method public void api.tests.DDTests.readUserByName(java.lang.String) requires a @DataProvider named : UserNames in class org.testng.annotations.DataProvider">
      <![CDATA[org.testng.TestNGException: 
at java.base/java.util.ArrayList.forEach(ArrayList.java:1511)
... Removed 25 stack frames]]>
    </failure>
  </testcase> <!-- readUserByName -->
  <testcase classname="api.tests.DDTests" name="updateUserByName" time="0.0">
    <failure type="org.testng.TestNGException" message="
Method public void api.tests.DDTests.updateUserByName(java.lang.String,api.payload.User) requires a @DataProvider named : UserNames in class org.testng.annotations.DataProvider">
      <![CDATA[org.testng.TestNGException: 
at java.base/java.util.ArrayList.forEach(ArrayList.java:1511)
... Removed 25 stack frames]]>
    </failure>
  </testcase> <!-- updateUserByName -->
</testsuite> <!-- Test -->
