<?xml version="1.0" encoding="UTF-8"?>
<testng-results ignored="0" total="4" passed="4" failed="0" skipped="0">
  <reporter-output>
  </reporter-output>
  <suite started-at="2023-04-07T20:55:28 IST" name="PetSuite" finished-at="2023-04-07T20:55:54 IST" duration-ms="25263">
    <groups>
    </groups>
    <test started-at="2023-04-07T20:55:28 IST" name="PetTest" finished-at="2023-04-07T20:55:54 IST" duration-ms="25263">
      <class name="api.tests.UserTests2">
        <test-method is-config="true" signature="setUpData()[pri:0, instance:api.tests.UserTests2@7b36aa0c]" started-at="2023-04-07T20:55:30 IST" name="setUpData" finished-at="2023-04-07T20:55:33 IST" duration-ms="3294" status="PASS">
          <reporter-output>
          </reporter-output>
        </test-method> <!-- setUpData -->
        <test-method signature="testPostUser()[pri:1, instance:api.tests.UserTests2@7b36aa0c]" started-at="2023-04-07T20:55:33 IST" name="testPostUser" finished-at="2023-04-07T20:55:43 IST" duration-ms="9973" status="PASS">
          <reporter-output>
          </reporter-output>
        </test-method> <!-- testPostUser -->
        <test-method signature="testGetUserByName()[pri:2, instance:api.tests.UserTests2@7b36aa0c]" started-at="2023-04-07T20:55:43 IST" name="testGetUserByName" finished-at="2023-04-07T20:55:46 IST" duration-ms="2755" status="PASS">
          <reporter-output>
          </reporter-output>
        </test-method> <!-- testGetUserByName -->
        <test-method signature="testUpadteUserByName()[pri:3, instance:api.tests.UserTests2@7b36aa0c]" started-at="2023-04-07T20:55:46 IST" name="testUpadteUserByName" finished-at="2023-04-07T20:55:51 IST" duration-ms="5200" status="PASS">
          <reporter-output>
          </reporter-output>
        </test-method> <!-- testUpadteUserByName -->
        <test-method signature="testDeleteUser()[pri:4, instance:api.tests.UserTests2@7b36aa0c]" started-at="2023-04-07T20:55:51 IST" name="testDeleteUser" finished-at="2023-04-07T20:55:54 IST" duration-ms="2298" status="PASS">
          <reporter-output>
          </reporter-output>
        </test-method> <!-- testDeleteUser -->
      </class> <!-- api.tests.UserTests2 -->
    </test> <!-- PetTest -->
  </suite> <!-- PetSuite -->
</testng-results>
