<?xml version="1.0" encoding="UTF-8"?>
<testng-results ignored="0" total="4" passed="4" failed="0" skipped="0">
  <reporter-output>
  </reporter-output>
  <suite started-at="2023-04-07T19:52:11 IST" name="PetSuite" finished-at="2023-04-07T19:52:30 IST" duration-ms="19393">
    <groups>
    </groups>
    <test started-at="2023-04-07T19:52:11 IST" name="PetTest" finished-at="2023-04-07T19:52:30 IST" duration-ms="19393">
      <class name="api.tests.UserTests2">
        <test-method is-config="true" signature="setUpData()[pri:0, instance:api.tests.UserTests2@d9345cd]" started-at="2023-04-07T19:52:12 IST" name="setUpData" finished-at="2023-04-07T19:52:13 IST" duration-ms="1867" status="PASS">
          <reporter-output>
          </reporter-output>
        </test-method> <!-- setUpData -->
        <test-method signature="testPostUser()[pri:1, instance:api.tests.UserTests2@d9345cd]" started-at="2023-04-07T19:52:14 IST" name="testPostUser" finished-at="2023-04-07T19:52:22 IST" duration-ms="8683" status="PASS">
          <reporter-output>
          </reporter-output>
        </test-method> <!-- testPostUser -->
        <test-method signature="testGetUserByName()[pri:2, instance:api.tests.UserTests2@d9345cd]" started-at="2023-04-07T19:52:22 IST" name="testGetUserByName" finished-at="2023-04-07T19:52:24 IST" duration-ms="2057" status="PASS">
          <reporter-output>
          </reporter-output>
        </test-method> <!-- testGetUserByName -->
        <test-method signature="testUpadteUserByName()[pri:3, instance:api.tests.UserTests2@d9345cd]" started-at="2023-04-07T19:52:24 IST" name="testUpadteUserByName" finished-at="2023-04-07T19:52:28 IST" duration-ms="3976" status="PASS">
          <reporter-output>
          </reporter-output>
        </test-method> <!-- testUpadteUserByName -->
        <test-method signature="testDeleteUser()[pri:4, instance:api.tests.UserTests2@d9345cd]" started-at="2023-04-07T19:52:28 IST" name="testDeleteUser" finished-at="2023-04-07T19:52:30 IST" duration-ms="2078" status="PASS">
          <reporter-output>
          </reporter-output>
        </test-method> <!-- testDeleteUser -->
      </class> <!-- api.tests.UserTests2 -->
    </test> <!-- PetTest -->
  </suite> <!-- PetSuite -->
</testng-results>
