<?xml version="1.0" encoding="UTF-8"?>
<!-- Generated by org.testng.reporters.JUnitXMLReporter -->
<testsuite ignored="0" hostname="DESKTOP-MOB5JUI" failures="0" tests="4" name="PetTest" time="25.263" errors="0" timestamp="2023-04-07T20:55:55 IST">
  <testcase classname="api.tests.UserTests2" name="testPostUser" time="9.973"/>
  <testcase classname="api.tests.UserTests2" name="testGetUserByName" time="2.755"/>
  <testcase classname="api.tests.UserTests2" name="testUpadteUserByName" time="5.2"/>
  <testcase classname="api.tests.UserTests2" name="testDeleteUser" time="2.298"/>
</testsuite> <!-- PetTest -->
