<?xml version="1.0" encoding="UTF-8"?>
<!-- Generated by org.testng.reporters.JUnitXMLReporter -->
<testsuite ignored="0" hostname="DESKTOP-MOB5JUI" failures="0" tests="4" name="PetTest" time="19.393" errors="0" timestamp="2023-04-07T19:52:32 IST">
  <testcase classname="api.tests.UserTests2" name="testPostUser" time="8.683"/>
  <testcase classname="api.tests.UserTests2" name="testGetUserByName" time="2.057"/>
  <testcase classname="api.tests.UserTests2" name="testUpadteUserByName" time="3.976"/>
  <testcase classname="api.tests.UserTests2" name="testDeleteUser" time="2.078"/>
</testsuite> <!-- PetTest -->
